[INFO,2019-04-09 13:16:04,608,4043,MainThread](config_helper.py/load): Loading configuration
[DEBUG,2019-04-09 13:16:04,608,4043,MainThread](config_helper.py/load): Loading configuration from ../configuration.ini
[INFO,2019-04-09 13:16:55,937,4323,MainThread](config_helper.py/load): Loading configuration
[DEBUG,2019-04-09 13:16:55,937,4323,MainThread](config_helper.py/load): Loading configuration from ../configuration.ini
[INFO,2019-04-09 13:17:05,111,4546,MainThread](config_helper.py/load): Loading configuration
[DEBUG,2019-04-09 13:17:05,111,4546,MainThread](config_helper.py/load): Loading configuration from ../configuration.ini
[INFO,2019-04-09 13:17:28,471,4752,MainThread](config_helper.py/load): Loading configuration
[DEBUG,2019-04-09 13:17:28,471,4752,MainThread](config_helper.py/load): Loading configuration from ../configuration.ini
[INFO,2019-04-09 13:17:35,849,4883,MainThread](config_helper.py/load): Loading configuration
[DEBUG,2019-04-09 13:17:35,849,4883,MainThread](config_helper.py/load): Loading configuration from ../configuration.ini
[INFO,2019-04-09 13:18:14,635,5086,MainThread](config_helper.py/load): Loading configuration
[DEBUG,2019-04-09 13:18:14,635,5086,MainThread](config_helper.py/load): Loading configuration from /home/alex/Elexa_Workspace/02_Projects/01_Guardian/Guardian_Ecosystem_Simulator/Source/guardian-ecosystem-simulator/gescli_pkg/util/../configuration.ini
[INFO,2019-04-09 13:18:14,635,5086,MainThread](config_helper.py/load): Configuration loaded
[DEBUG,2019-04-09 13:18:14,636,5086,MainThread](config_helper.py/load): Pointing to GES daemon at 127.0.0.1:7700.
[INFO,2019-04-09 13:18:19,090,5203,MainThread](config_helper.py/load): Loading configuration
[DEBUG,2019-04-09 13:18:19,090,5203,MainThread](config_helper.py/load): Loading configuration from /home/alex/Elexa_Workspace/02_Projects/01_Guardian/Guardian_Ecosystem_Simulator/Source/guardian-ecosystem-simulator/gescli_pkg/util/../configuration.ini
[INFO,2019-04-09 13:18:19,090,5203,MainThread](config_helper.py/load): Configuration loaded
[DEBUG,2019-04-09 13:18:19,090,5203,MainThread](config_helper.py/load): Pointing to GES daemon at 127.0.0.1:7700.
[INFO,2019-04-09 14:28:51,638,7599,MainThread](config_helper.py/load): Loading configuration
[DEBUG,2019-04-09 14:28:51,638,7599,MainThread](config_helper.py/load): Loading configuration from /home/alex/Elexa_Workspace/02_Projects/01_Guardian/Guardian_Ecosystem_Simulator/Source/guardian-ecosystem-simulator/gescli_pkg/util/../configuration.ini
[INFO,2019-04-09 14:28:51,639,7599,MainThread](config_helper.py/load): Configuration loaded
[DEBUG,2019-04-09 14:28:51,639,7599,MainThread](config_helper.py/load): Pointing to GES daemon at 127.0.0.1:7700.
[INFO,2019-04-09 14:28:54,695,7712,MainThread](config_helper.py/load): Loading configuration
[DEBUG,2019-04-09 14:28:54,695,7712,MainThread](config_helper.py/load): Loading configuration from /home/alex/Elexa_Workspace/02_Projects/01_Guardian/Guardian_Ecosystem_Simulator/Source/guardian-ecosystem-simulator/gescli_pkg/util/../configuration.ini
[INFO,2019-04-09 14:28:54,696,7712,MainThread](config_helper.py/load): Configuration loaded
[DEBUG,2019-04-09 14:28:54,696,7712,MainThread](config_helper.py/load): Pointing to GES daemon at 127.0.0.1:7700.
[INFO,2019-04-09 14:29:31,050,7850,MainThread](config_helper.py/load): Loading configuration
[DEBUG,2019-04-09 14:29:31,051,7850,MainThread](config_helper.py/load): Loading configuration from /home/alex/Elexa_Workspace/02_Projects/01_Guardian/Guardian_Ecosystem_Simulator/Source/guardian-ecosystem-simulator/gescli_pkg/util/../configuration.ini
[INFO,2019-04-09 14:29:31,051,7850,MainThread](config_helper.py/load): Configuration loaded
[DEBUG,2019-04-09 14:29:31,051,7850,MainThread](config_helper.py/load): Pointing to GES daemon at 127.0.0.1:7700.
[INFO,2019-04-09 14:38:16,243,9230,MainThread](config_helper.py/load): Loading configuration
[DEBUG,2019-04-09 14:38:16,243,9230,MainThread](config_helper.py/load): Loading configuration from /home/alex/Elexa_Workspace/02_Projects/01_Guardian/Guardian_Ecosystem_Simulator/Source/guardian-ecosystem-simulator/gescli_pkg/util/../configuration.ini
[INFO,2019-04-09 14:38:16,243,9230,MainThread](config_helper.py/load): Configuration loaded
[DEBUG,2019-04-09 14:38:16,243,9230,MainThread](config_helper.py/load): Pointing to GES daemon at 127.0.0.1:7700.
[INFO,2019-04-09 14:41:19,030,9826,MainThread](config_helper.py/load): Loading configuration
[DEBUG,2019-04-09 14:41:19,030,9826,MainThread](config_helper.py/load): Loading configuration from /home/alex/Elexa_Workspace/02_Projects/01_Guardian/Guardian_Ecosystem_Simulator/Source/guardian-ecosystem-simulator/gescli_pkg/util/../config.ini
[INFO,2019-04-09 14:41:19,030,9826,MainThread](config_helper.py/load): Configuration loaded
[DEBUG,2019-04-09 14:41:19,031,9826,MainThread](config_helper.py/load): Pointing to GES daemon at 127.0.0.1:7700.
[INFO,2019-04-09 14:41:23,745,9936,MainThread](config_helper.py/load): Loading configuration
[DEBUG,2019-04-09 14:41:23,745,9936,MainThread](config_helper.py/load): Loading configuration from /home/alex/Elexa_Workspace/02_Projects/01_Guardian/Guardian_Ecosystem_Simulator/Source/guardian-ecosystem-simulator/gescli_pkg/util/../config.ini
[INFO,2019-04-09 14:41:23,746,9936,MainThread](config_helper.py/load): Configuration loaded
[DEBUG,2019-04-09 14:41:23,746,9936,MainThread](config_helper.py/load): Pointing to GES daemon at 127.0.0.1:7700.
